01:42:10.254 var p0 = document.querySelectorAll("p")[0]
01:42:10.271 undefined
01:42:13.210 p0
01:42:13.218 <p id=​"first" class=​"special">​super important​</p>​
01:42:26.433 console.dir(p0)
01:42:26.434 VM302:1 p#first.specialaccessKey: ""align: ""assignedSlot: nullattributes: NamedNodeMap0: idbaseURI: "file:///Users/benny/Projects/web-dev-course/dom/dom-js.html"childNodes: []firstChild: nullisConnected: falselastChild: nulllocalName: "id"name: "id"namespaceURI: nullnextSibling: nullnodeName: "id"nodeType: 2nodeValue: "first"ownerDocument: documentURL: "file:///Users/benny/Projects/web-dev-course/dom/dom-js.html"activeElement: bodyalinkColor: ""all: (9) [html, head, title, body, h1, p#first.special, p.special, p, p#last, first: p#first.special, last: p#last]anchors: []applets: []baseURI: "file:///Users/benny/Projects/web-dev-course/dom/dom-js.html"bgColor: ""body: bodycharacterSet: "windows-1252"charset: "windows-1252"childElementCount: 1childNodes: (2) [<!DOCTYPE html>, html]children: [html]compatMode: "CSS1Compat"contentType: "text/html"cookie: ""currentScript: nulldefaultView: Window {frames: Window, postMessage: ƒ, blur: ƒ, focus: ƒ, close: ƒ, …}designMode: "off"dir: ""doctype: <!DOCTYPE html>documentElement: htmlaccessKey: ""assignedSlot: nullattributes: NamedNodeMap {length: 0}baseURI: "file:///Users/benny/Projects/web-dev-course/dom/dom-js.html"childElementCount: 2childNodes: (3) [head, text, body]children: HTMLCollection(2)0: head1: bodylength: 2__proto__: HTMLCollectionitem: ƒ item()arguments: nullcaller: nulllength: 1name: "item"__proto__: ƒ ()[[Scopes]]: Scopes[0]length: (...)namedItem: ƒ namedItem()constructor: ƒ HTMLCollection()Symbol(Symbol.iterator): ƒ values()Symbol(Symbol.toStringTag): "HTMLCollection"get length: ƒ ()__proto__: ObjectclassList: [value: ""]className: ""clientHeight: 580clientLeft: 0clientTop: 0clientWidth: 334contentEditable: "inherit"dataset: DOMStringMap {}dir: ""draggable: falsefirstChild: headfirstElementChild: headhidden: falseid: ""innerHTML: "<head>↵	<title>accessing DOM w/ HTML</title>↵</head>↵<body>↵	<h1>I am an h1</h1>↵	<p id="first" class="special">super important</p>↵	<p class="special">second paragraph</p>↵	<p>Hi, I'm not important</p>↵	<p id="last">Last paragraph</p>↵↵</body>"innerText: "I am an h1↵↵super important↵↵second paragraph↵↵Hi, I'm not important↵↵Last paragraph"isConnected: trueisContentEditable: falselang: ""lastChild: bodylastElementChild: bodylocalName: "html"namespaceURI: "http://www.w3.org/1999/xhtml"nextElementSibling: nullnextSibling: nullnodeName: "HTML"nodeType: 1nodeValue: nullnonce: ""offsetHeight: 216offsetLeft: 0offsetParent: nulloffsetTop: 0offsetWidth: 334onabort: nullonauxclick: nullonbeforecopy: nullonbeforecut: nullonbeforepaste: nullonblur: nulloncancel: nulloncanplay: nulloncanplaythrough: nullonchange: nullonclick: nullonclose: nulloncontextmenu: nulloncopy: nulloncuechange: nulloncut: nullondblclick: nullondrag: nullondragend: nullondragenter: nullondragleave: nullondragover: nullondragstart: nullondrop: nullondurationchange: nullonemptied: nullonended: nullonerror: nullonfocus: nullongotpointercapture: nulloninput: nulloninvalid: nullonkeydown: nullonkeypress: nullonkeyup: nullonload: nullonloadeddata: nullonloadedmetadata: nullonloadstart: nullonlostpointercapture: nullonmousedown: nullonmouseenter: nullonmouseleave: nullonmousemove: nullonmouseout: nullonmouseover: nullonmouseup: nullonmousewheel: nullonpaste: nullonpause: nullonplay: nullonplaying: nullonpointercancel: nullonpointerdown: nullonpointerenter: nullonpointerleave: nullonpointermove: nullonpointerout: nullonpointerover: nullonpointerup: nullonprogress: nullonratechange: nullonreset: nullonresize: nullonscroll: nullonsearch: nullonseeked: nullonseeking: nullonselect: nullonselectstart: nullonstalled: nullonsubmit: nullonsuspend: nullontimeupdate: nullontoggle: nullonvolumechange: nullonwaiting: nullonwebkitfullscreenchange: nullonwebkitfullscreenerror: nullonwheel: nullouterHTML: "<html><head>↵	<title>accessing DOM w/ HTML</title>↵</head>↵<body>↵	<h1>I am an h1</h1>↵	<p id="first" class="special">super important</p>↵	<p class="special">second paragraph</p>↵	<p>Hi, I'm not important</p>↵	<p id="last">Last paragraph</p>↵↵</body></html>"outerText: "I am an h1↵↵super important↵↵second paragraph↵↵Hi, I'm not important↵↵Last paragraph"ownerDocument: documentparentElement: nullparentNode: documentprefix: nullpreviousElementSibling: nullpreviousSibling: <!DOCTYPE html>scrollHeight: 580scrollLeft: 0scrollTop: 0scrollWidth: 334shadowRoot: nullslot: ""spellcheck: truestyle: CSSStyleDeclaration {alignContent: "", alignItems: "", alignSelf: "", alignmentBaseline: "", all: "", …}tabIndex: -1tagName: "HTML"textContent: "↵	accessing DOM w/ HTML↵↵↵	I am an h1↵	super important↵	second paragraph↵	Hi, I'm not important↵	Last paragraph↵↵"title: ""translate: trueversion: ""__proto__: HTMLHtmlElementdocumentURI: "file:///Users/benny/Projects/web-dev-course/dom/dom-js.html"domain: ""embeds: []fgColor: ""firstChild: <!DOCTYPE html>firstElementChild: htmlfonts: FontFaceSet {onloading: null, onloadingdone: null, onloadingerror: null, ready: Promise, status: "loaded", …}forms: []head: headhidden: falseimages: []implementation: DOMImplementation {}inputEncoding: "windows-1252"isConnected: truelastChild: htmllastElementChild: htmllastModified: "11/23/2017 01:42:43"linkColor: ""links: []location: Location {href: "file:///Users/benny/Projects/web-dev-course/dom/dom-js.html", ancestorOrigins: DOMStringList, origin: "file://", replace: ƒ, assign: ƒ, …}nextSibling: nullnodeName: "#document"nodeType: 9nodeValue: nullonabort: nullonauxclick: nullonbeforecopy: nullonbeforecut: nullonbeforepaste: nullonblur: nulloncancel: nulloncanplay: nulloncanplaythrough: nullonchange: nullonclick: nullonclose: nulloncontextmenu: nulloncopy: nulloncuechange: nulloncut: nullondblclick: nullondrag: nullondragend: nullondragenter: nullondragleave: nullondragover: nullondragstart: nullondrop: nullondurationchange: nullonemptied: nullonended: nullonerror: nullonfocus: nullongotpointercapture: nulloninput: nulloninvalid: nullonkeydown: nullonkeypress: nullonkeyup: nullonload: nullonloadeddata: nullonloadedmetadata: nullonloadstart: nullonlostpointercapture: nullonmousedown: nullonmouseenter: nullonmouseleave: nullonmousemove: nullonmouseout: nullonmouseover: nullonmouseup: nullonmousewheel: nullonpaste: nullonpause: nullonplay: nullonplaying: nullonpointercancel: nullonpointerdown: nullonpointerenter: nullonpointerleave: nullonpointerlockchange: nullonpointerlockerror: nullonpointermove: nullonpointerout: nullonpointerover: nullonpointerup: nullonprogress: nullonratechange: nullonreadystatechange: nullonreset: nullonresize: nullonscroll: nullonsearch: nullonseeked: nullonseeking: nullonselect: nullonselectionchange: nullonselectstart: nullonstalled: nullonsubmit: nullonsuspend: nullontimeupdate: nullontoggle: nullonvisibilitychange: nullonvolumechange: nullonwaiting: nullonwebkitfullscreenchange: nullonwebkitfullscreenerror: nullonwheel: nullorigin: "null"ownerDocument: nullparentElement: nullparentNode: nullplugins: []pointerLockElement: nullpreferredStylesheetSet: nullpreviousSibling: nullreadyState: "complete"referrer: ""rootElement: nullscripts: []scrollingElement: htmlselectedStylesheetSet: nullstyleSheets: StyleSheetList {length: 0}textContent: nulltitle: "accessing DOM w/ HTML"visibilityState: "visible"vlinkColor: ""webkitCurrentFullScreenElement: nullwebkitFullscreenElement: nullwebkitFullscreenEnabled: truewebkitHidden: falsewebkitIsFullScreen: falsewebkitVisibilityState: "visible"xmlEncoding: nullxmlStandalone: falsexmlVersion: null__proto__: HTMLDocumentownerElement: p#first.specialparentElement: nullparentNode: nullprefix: nullpreviousSibling: nullspecified: truetextContent: "first"value: "first"__proto__: Attr1: classlength: 2__proto__: NamedNodeMapbaseURI: "file:///Users/benny/Projects/web-dev-course/dom/dom-js.html"childElementCount: 0childNodes: [text]children: []classList: ["special", value: "special"]className: "special"clientHeight: 18clientLeft: 0clientTop: 0clientWidth: 318contentEditable: "inherit"dataset: DOMStringMap {}dir: ""draggable: falsefirstChild: textfirstElementChild: nullhidden: falseid: "first"innerHTML: "super important"innerText: "super important"isConnected: trueisContentEditable: falselang: ""lastChild: textlastElementChild: nulllocalName: "p"namespaceURI: "http://www.w3.org/1999/xhtml"nextElementSibling: p.specialnextSibling: textnodeName: "P"nodeType: 1nodeValue: nullnonce: ""offsetHeight: 18offsetLeft: 8offsetParent: bodyoffsetTop: 80offsetWidth: 318onabort: nullonauxclick: nullonbeforecopy: nullonbeforecut: nullonbeforepaste: nullonblur: nulloncancel: nulloncanplay: nulloncanplaythrough: nullonchange: nullonclick: nullonclose: nulloncontextmenu: nulloncopy: nulloncuechange: nulloncut: nullondblclick: nullondrag: nullondragend: nullondragenter: nullondragleave: nullondragover: nullondragstart: nullondrop: nullondurationchange: nullonemptied: nullonended: nullonerror: nullonfocus: nullongotpointercapture: nulloninput: nulloninvalid: nullonkeydown: nullonkeypress: nullonkeyup: nullonload: nullonloadeddata: nullonloadedmetadata: nullonloadstart: nullonlostpointercapture: nullonmousedown: nullonmouseenter: nullonmouseleave: nullonmousemove: nullonmouseout: nullonmouseover: nullonmouseup: nullonmousewheel: nullonpaste: nullonpause: nullonplay: nullonplaying: nullonpointercancel: nullonpointerdown: nullonpointerenter: nullonpointerleave: nullonpointermove: nullonpointerout: nullonpointerover: nullonpointerup: nullonprogress: nullonratechange: nullonreset: nullonresize: nullonscroll: nullonsearch: nullonseeked: nullonseeking: nullonselect: nullonselectstart: nullonstalled: nullonsubmit: nullonsuspend: nullontimeupdate: nullontoggle: nullonvolumechange: nullonwaiting: nullonwebkitfullscreenchange: nullonwebkitfullscreenerror: nullonwheel: nullouterHTML: "<p id="first" class="special">super important</p>"outerText: "super important"ownerDocument: documentparentElement: bodyparentNode: bodyprefix: nullpreviousElementSibling: h1previousSibling: textscrollHeight: 18scrollLeft: 0scrollTop: 0scrollWidth: 318shadowRoot: nullslot: ""spellcheck: truestyle: CSSStyleDeclaration {alignContent: "", alignItems: "", alignSelf: "", alignmentBaseline: "", all: "", …}tabIndex: -1tagName: "P"textContent: "super important"title: ""translate: true__proto__: HTMLParagraphElement
01:42:26.440 undefined
01:43:09.922 var p1 = document.querySelector("p")
01:43:09.931 undefined
01:43:11.644 p1
01:43:11.648 <p id=​"first" class=​"special">​super important​</p>​
01:43:58.072 var p2 = document.getElementById("first");
01:43:58.079 undefined
01:44:00.390 p2
01:44:00.396 <p id=​"first" class=​"special">​super important​</p>​
01:44:50.707 var p3 = document.getElementsByTagName("p");
01:44:50.710 undefined
01:44:54.020 p3
01:44:54.027 (4) [p#first.special, p.special, p, p#last, first: p#first.special, last: p#last]
01:45:09.901 p3 = document.getElementsByTagName("p")[0];
01:45:09.908 <p id=​"first" class=​"special">​super important​</p>​
01:45:11.807 p3
01:45:11.820 <p id=​"first" class=​"special">​super important​</p>​
01:46:07.662 p4 = document.querySelector("p#first.special")
01:46:07.669 <p id=​"first" class=​"special">​super important​</p>​
01:46:21.035 p4
01:46:21.041 <p id=​"first" class=​"special">​super important​</p>​
01:46:27.308 document.querySelector("p#first.special")
01:46:27.315 <p id=​"first" class=​"special">​super important​</p>​
01:46:36.414 document.querySelector("#first.special")
01:46:36.420 <p id=​"first" class=​"special">​super important​</p>​
01:46:42.156 document.querySelector("#first")
01:46:42.163 <p id=​"first" class=​"special">​super important​</p>​
01:46:49.050 document.querySelector("h1")
01:46:49.057 <h1>​I am an h1​</h1>​
15:28:55.689 document.querySelector("h1 + p")
15:28:55.704 <p id=​"first" class=​"special">​super important​</p>​
15:30:20.250 document.querySelector("p + h1")
15:30:20.255 null
15:30:33.044 document.querySelector("p + p")
15:30:33.051 <p class=​"special">​second paragraph​</p>​
15:30:41.212 document.querySelector("p + p + p")
15:30:41.220 <p>​Hi, I'm not important​</p>​
15:30:46.277 document.querySelector("p + p + p + p")
15:30:46.283 <p id=​"last">​Last paragraph​</p>​
15:30:51.413 document.querySelector("p + p + p + p + p")
15:30:51.422 null
15:30:59.433 document.querySelector("h1 + p + p + p")
15:30:59.443 <p>​Hi, I'm not important​</p>​
15:31:02.103 document.querySelector("h1 + p + p +    p")
15:31:02.112 <p>​Hi, I'm not important​</p>​
